<?xml version="1.0" encoding="UTF-8"?>
<beans 
    xmlns="http://www.springframework.org/schema/beans" 
    xmlns:xsi="http://www.w3.org/2001/XMLSchema-instance" 
    xmlns:context="http://www.springframework.org/schema/context"
    xmlns:task="http://www.springframework.org/schema/task"
    xsi:schemaLocation="http://www.springframework.org/schema/beans http://www.springframework.org/schema/beans/spring-beans-3.0.xsd
					    http://www.springframework.org/schema/context http://www.springframework.org/schema/context/spring-context-3.0.xsd 
                        http://www.springframework.org/schema/task http://www.springframework.org/schema/task/spring-task-3.0.xsd">

    <context:component-scan base-package="egovframework">
        <context:include-filter type="annotation" expression="org.springframework.stereotype.Service" />
        <context:include-filter type="annotation" expression="org.springframework.stereotype.Repository" />
        <context:exclude-filter type="annotation" expression="org.springframework.stereotype.Controller" />
    </context:component-scan>

    <context:component-scan base-package="com._4csoft.aof">
        <context:include-filter type="annotation" expression="org.springframework.stereotype.Service" />
        <context:include-filter type="annotation" expression="org.springframework.stereotype.Repository" />
        <context:include-filter type="annotation" expression="org.springframework.stereotype.Component" />
        <context:exclude-filter type="annotation" expression="org.springframework.stereotype.Controller" />
    </context:component-scan>

    <bean id="messageSource" class="org.springframework.context.support.ReloadableResourceBundleMessageSource">
        <property name="basenames">
            <list>
                <value>classpath:/egovframework/message/com/message-common</value>
                <value>classpath:/egovframework/rte/fdl/idgnr/messages/idgnr</value>
                <value>classpath:/egovframework/rte/fdl/property/messages/properties</value>
                <value>classpath:/egovframework/egovProps/globals</value>
                <value>classpath:/com/_4csoft/aof/ui/infra/message/UIExceptionBundle</value>
                <value>classpath:/com/_4csoft/aof/ui/infra/message/UICommonBundle</value>
                <value>classpath:/com/_4csoft/aof/ui/infra/message/UIMessageBundle</value>
                <value>classpath:/com/_4csoft/aof/ui/board/message/UIMessageBundle</value>
                <value>classpath:/com/_4csoft/aof/ui/lcms/message/UIMessageBundle</value>
                <value>classpath:/com/_4csoft/aof/ui/cdms/message/UIMessageBundle</value>
                <value>classpath:/com/_4csoft/aof/ui/univ/message/UIMessageBundle</value>
            </list>
        </property>
        <property name="cacheSeconds">
            <value>60</value>
        </property>
        <property name="fallbackToSystemLocale" value="false" />
    </bean>

    <bean id="egovMessageSource" class="egovframework.com.cmm.EgovMessageSource">
        <property name="reloadableResourceBundleMessageSource">
            <ref bean="messageSource" />
        </property>
    </bean>

    <!-- 실행환경에서 빈 이름 참조(AbstractServiceImpl) -->
    <bean id="leaveaTrace" class="egovframework.rte.fdl.cmmn.trace.LeaveaTrace">
        <property name="traceHandlerServices">
            <list>
                <ref bean="egov.traceHandlerService" />
            </list>
        </property>
    </bean>

    <bean id="egov.traceHandlerService" class="egovframework.rte.fdl.cmmn.trace.manager.DefaultTraceHandleManager">
        <property name="reqExpMatcher">
            <ref bean="egov.antPathMater" />
        </property>
        <property name="patterns">
            <list>
                <value>*</value>
            </list>
        </property>
        <property name="handlers">
            <list>
                <ref bean="egov.defaultTraceHandler" />
            </list>
        </property>
    </bean>

    <bean id="egov.antPathMater" class="org.springframework.util.AntPathMatcher" />

    <bean id="egov.defaultTraceHandler" class="egovframework.rte.fdl.cmmn.trace.handler.DefaultTraceHandler" />


    <!-- MULTIPART RESOLVERS -->
    <!-- regular spring resolver -->
    <bean id="spring.RegularCommonsMultipartResolver" class="org.springframework.web.multipart.commons.CommonsMultipartResolver">
        <property name="maxUploadSize" value="2000000000" />
        <property name="maxInMemorySize" value="1000000000" />
    </bean>

    <!-- custom multi file resolver -->
    <bean id="local.MultiCommonsMultipartResolver" class="egovframework.com.cmm.web.EgovMultipartResolver">
        <property name="maxUploadSize" value="2000000000" />
        <property name="maxInMemorySize" value="1000000000" />
    </bean>

    <!-- choose one from above and alias it to the name Spring expects -->
    <!-- alias name="local.MultiCommonsMultipartResolver" alias="multipartResolver" / -->
    <alias name="spring.RegularCommonsMultipartResolver" alias="multipartResolver" />

    <!-- MessageUtil -->
    <bean id="messageUtil" class="com._4csoft.aof.infra.support.util.MessageUtil">
        <property name="messageSourceAccessor">
            <bean class="org.springframework.context.support.MessageSourceAccessor">
                <constructor-arg ref="messageSource" />
            </bean>
        </property>
    </bean>

	<!-- MailUtil -->
    <bean id="MailUtil" class="com._4csoft.aof.infra.support.util.MailUtil">
        <property name="host" value="smtp.gmail.com" />
        <property name="port" value="465" />
        <property name="protocol" value="smtp" />
        <property name="authUserid" value="4csoftdemo@4csoft.com" />
        <property name="authUserpw" value="4csoftdemo" />
        <property name="secureYn" value="Y" />
    </bean>

    <!-- ehcache -->
    <bean id="ehcache" class="org.springframework.cache.ehcache.EhCacheFactoryBean">
        <property name="cacheManager">
            <bean class="org.springframework.cache.ehcache.EhCacheManagerFactoryBean">
                <property name="configLocation" value="classpath:com/_4csoft/aof/ui/config/junit-ehcache.xml" /> <!-- junit  config -->
            </bean>
        </property>
    </bean>

    <!-- job scheduler : admin site 에서만 설정한다. -->
    <task:scheduler id="UIThreadPoolTaskScheduler" pool-size="10" />
    
    <!-- junit config
    <task:annotation-driven scheduler="UIThreadPoolTaskScheduler" />
	-->
	
	
    <bean id="WorkEventPublisher" class="com._4csoft.aof.infra.support.listener.WorkEventPublisher">
    </bean>
    <bean id="UIWorkEventHandler" class="com._4csoft.aof.ui.infra.listener.UIWorkEventHandler">
    </bean>
</beans>
